<?xml version="1.0" encoding="utf-8" standalone="no"?>
<!--This file represents the results of running a test suite-->
<test-results name="C:\Users\Jackson\Downloads\owaspantisamy-d4575adf1985\dotNet\current\source\owaspantisamy\bin\Release\nunit.core.dll" total="0" errors="0" failures="0" not-run="0" inconclusive="0" ignored="0" skipped="0" invalid="0" date="2014-08-29" time="21:30:10">
  <environment nunit-version="2.6.3.13283" clr-version="2.0.50727.6419" os-version="Microsoft Windows NT 6.2.9200.0" platform="Win32NT" cwd="C:\Users\Jackson\Downloads\owaspantisamy-d4575adf1985\dotNet\current\source\owaspantisamy\bin\Release" machine-name="JACKSONBRUCE" user="Jackson" user-domain="JACKSONBRUCE" />
  <culture-info current-culture="zh-CN" current-uiculture="zh-CN" />
  <test-suite type="Assembly" name="C:\Users\Jackson\Downloads\owaspantisamy-d4575adf1985\dotNet\current\source\owaspantisamy\bin\Release\nunit.core.dll" executed="True" result="Inconclusive" success="False" time="0.024" asserts="0" />
</test-results>